# JRE version: OpenJDK Runtime Environment (11.0.10) (build 11.0.10+0-b96-7249189)
# Java VM: OpenJDK 64-Bit Server VM (11.0.10+0-b96-7249189, mixed mode, tiered, compressed oops, g1 gc, windows-amd64)
Heap:
 garbage-first heap   total 353280K, used 129535K [0x0000000080000000, 0x0000000100000000)
  region size 1024K, 5 young (5120K), 5 survivors (5120K)
 Metaspace       used 112398K, capacity 115263K, committed 115788K, reserved 1148928K
  class space    used 14405K, capacity 15506K, committed 15692K, reserved 1048576K
GC Heap History (20 events):
Event: 38.932 GC heap after
{Heap after GC invocations=60 (full 0):
 garbage-first heap   total 172032K, used 105896K [0x0000000080000000, 0x0000000100000000)
  region size 1024K, 6 young (6144K), 6 survivors (6144K)
 Metaspace       used 105243K, capacity 107695K, committed 107980K, reserved 1142784K
  class space    used 13299K, capacity 14177K, committed 14284K, reserved 1048576K
}
Event: 39.213 GC heap before
{Heap before GC invocations=60 (full 0):
 garbage-first heap   total 172032K, used 139688K [0x0000000080000000, 0x0000000100000000)
  region size 1024K, 39 young (39936K), 6 survivors (6144K)
 Metaspace       used 105622K, capacity 108080K, committed 108236K, reserved 1142784K
  class space    used 13351K, capacity 14241K, committed 14284K, reserved 1048576K
}
Event: 39.286 GC heap after
{Heap after GC invocations=61 (full 0):
 garbage-first heap   total 172032K, used 113186K [0x0000000080000000, 0x0000000100000000)
  region size 1024K, 5 young (5120K), 5 survivors (5120K)
 Metaspace       used 105622K, capacity 108080K, committed 108236K, reserved 1142784K
  class space    used 13351K, capacity 14241K, committed 14284K, reserved 1048576K
}
Event: 39.437 GC heap before
{Heap before GC invocations=61 (full 0):
 garbage-first heap   total 172032K, used 141858K [0x0000000080000000, 0x0000000100000000)
  region size 1024K, 33 young (33792K), 5 survivors (5120K)
 Metaspace       used 106065K, capacity 108545K, committed 108876K, reserved 1144832K
  class space    used 13382K, capacity 14293K, committed 14412K, reserved 1048576K
}
Event: 39.450 GC heap after
{Heap after GC invocations=62 (full 0):
 garbage-first heap   total 172032K, used 118962K [0x0000000080000000, 0x0000000100000000)
  region size 1024K, 5 young (5120K), 5 survivors (5120K)
 Metaspace       used 106065K, capacity 108545K, committed 108876K, reserved 1144832K
  class space    used 13382K, capacity 14293K, committed 14412K, reserved 1048576K
}
Event: 39.589 GC heap before
{Heap before GC invocations=63 (full 0):
 garbage-first heap   total 172032K, used 142514K [0x0000000080000000, 0x0000000100000000)
  region size 1024K, 28 young (28672K), 5 survivors (5120K)
 Metaspace       used 106656K, capacity 109260K, committed 109516K, reserved 1144832K
  class space    used 13532K, capacity 14502K, committed 14540K, reserved 1048576K
}
Event: 39.599 GC heap after
{Heap after GC invocations=64 (full 0):
 garbage-first heap   total 172032K, used 123424K [0x0000000080000000, 0x0000000100000000)
  region size 1024K, 4 young (4096K), 4 survivors (4096K)
 Metaspace       used 106656K, capacity 109260K, committed 109516K, reserved 1144832K
  class space    used 13532K, capacity 14502K, committed 14540K, reserved 1048576K
}
Event: 39.968 GC heap before
{Heap before GC invocations=64 (full 0):
 garbage-first heap   total 172032K, used 143904K [0x0000000080000000, 0x0000000100000000)
  region size 1024K, 25 young (25600K), 4 survivors (4096K)
 Metaspace       used 109789K, capacity 112666K, committed 112844K, reserved 1146880K
  class space    used 14168K, capacity 15262K, committed 15308K, reserved 1048576K
}
Event: 40.044 GC heap after
{Heap after GC invocations=65 (full 0):
 garbage-first heap   total 172032K, used 125008K [0x0000000080000000, 0x0000000100000000)
  region size 1024K, 2 young (2048K), 2 survivors (2048K)
 Metaspace       used 109789K, capacity 112666K, committed 112844K, reserved 1146880K
  class space    used 14168K, capacity 15262K, committed 15308K, reserved 1048576K
}
Event: 40.389 GC heap before
{Heap before GC invocations=65 (full 0):
 garbage-first heap   total 172032K, used 145488K [0x0000000080000000, 0x0000000100000000)
  region size 1024K, 22 young (22528K), 2 survivors (2048K)
 Metaspace       used 110337K, capacity 113165K, committed 113484K, reserved 1146880K
  class space    used 14195K, capacity 15261K, committed 15436K, reserved 1048576K
}
Event: 40.485 GC heap after
{Heap after GC invocations=66 (full 0):
 garbage-first heap   total 248832K, used 124929K [0x0000000080000000, 0x0000000100000000)
  region size 1024K, 2 young (2048K), 2 survivors (2048K)
 Metaspace       used 110337K, capacity 113165K, committed 113484K, reserved 1146880K
  class space    used 14195K, capacity 15261K, committed 15436K, reserved 1048576K
}
Event: 40.830 GC heap before
{Heap before GC invocations=67 (full 0):
 garbage-first heap   total 248832K, used 175105K [0x0000000080000000, 0x0000000100000000)
  region size 1024K, 52 young (53248K), 2 survivors (2048K)
 Metaspace       used 111808K, capacity 114696K, committed 114892K, reserved 1148928K
  class space    used 14395K, capacity 15534K, committed 15564K, reserved 1048576K
}
Event: 40.848 GC heap after
{Heap after GC invocations=68 (full 0):
 garbage-first heap   total 248832K, used 126236K [0x0000000080000000, 0x0000000100000000)
  region size 1024K, 3 young (3072K), 3 survivors (3072K)
 Metaspace       used 111808K, capacity 114696K, committed 114892K, reserved 1148928K
  class space    used 14395K, capacity 15534K, committed 15564K, reserved 1048576K
}
Event: 41.366 GC heap before
{Heap before GC invocations=68 (full 0):
 garbage-first heap   total 248832K, used 180508K [0x0000000080000000, 0x0000000100000000)
  region size 1024K, 56 young (57344K), 3 survivors (3072K)
 Metaspace       used 112195K, capacity 115202K, committed 115532K, reserved 1148928K
  class space    used 14457K, capacity 15617K, committed 15692K, reserved 1048576K
}
Event: 41.387 GC heap after
{Heap after GC invocations=69 (full 0):
 garbage-first heap   total 248832K, used 126863K [0x0000000080000000, 0x0000000100000000)
  region size 1024K, 4 young (4096K), 4 survivors (4096K)
 Metaspace       used 112195K, capacity 115202K, committed 115532K, reserved 1148928K
  class space    used 14457K, capacity 15617K, committed 15692K, reserved 1048576K
}
Event: 41.727 GC heap before
{Heap before GC invocations=69 (full 0):
 garbage-first heap   total 248832K, used 184207K [0x0000000080000000, 0x0000000100000000)
  region size 1024K, 61 young (62464K), 4 survivors (4096K)
 Metaspace       used 112568K, capacity 115569K, committed 115788K, reserved 1148928K
  class space    used 14472K, capacity 15631K, committed 15692K, reserved 1048576K
}
Event: 41.737 GC heap after
{Heap after GC invocations=70 (full 0):
 garbage-first heap   total 248832K, used 129398K [0x0000000080000000, 0x0000000100000000)
  region size 1024K, 6 young (6144K), 6 survivors (6144K)
 Metaspace       used 112568K, capacity 115569K, committed 115788K, reserved 1148928K
  class space    used 14472K, capacity 15631K, committed 15692K, reserved 1048576K
}
Event: 42.022 GC heap before
{Heap before GC invocations=71 (full 0):
 garbage-first heap   total 248832K, used 190838K [0x0000000080000000, 0x0000000100000000)
  region size 1024K, 66 young (67584K), 6 survivors (6144K)
 Metaspace       used 112371K, capacity 115245K, committed 115788K, reserved 1148928K
  class space    used 14402K, capacity 15500K, committed 15692K, reserved 1048576K
}
Event: 42.036 GC heap after
{Heap after GC invocations=72 (full 0):
 garbage-first heap   total 248832K, used 129368K [0x0000000080000000, 0x0000000100000000)
  region size 1024K, 5 young (5120K), 5 survivors (5120K)
 Metaspace       used 112371K, capacity 115245K, committed 115788K, reserved 1148928K
  class space    used 14402K, capacity 15500K, committed 15692K, reserved 1048576K
}
Event: 42.226 GC heap before
{Heap before GC invocations=72 (full 0):
 garbage-first heap   total 248832K, used 192856K [0x0000000080000000, 0x0000000100000000)
  region size 1024K, 67 young (68608K), 5 survivors (5120K)
 Metaspace       used 112398K, capacity 115263K, committed 115788K, reserved 1148928K
  class space    used 14405K, capacity 15506K, committed 15692K, reserved 1048576K
}

