# JRE version: OpenJDK Runtime Environment (11.0.10) (build 11.0.10+0-b96-7249189)
# Java VM: OpenJDK 64-Bit Server VM (11.0.10+0-b96-7249189, mixed mode, tiered, compressed oops, g1 gc, windows-amd64)
Heap:
 garbage-first heap   total 837632K, used 152934K [0x0000000080000000, 0x0000000100000000)
  region size 1024K, 20 young (20480K), 20 survivors (20480K)
 Metaspace       used 104125K, capacity 106733K, committed 107008K, reserved 1142784K
  class space    used 13334K, capacity 14298K, committed 14336K, reserved 1048576K
GC Heap History (20 events):
Event: 46.914 GC heap after
{Heap after GC invocations=69 (full 0):
 garbage-first heap   total 143360K, used 108082K [0x0000000080000000, 0x0000000100000000)
  region size 1024K, 2 young (2048K), 2 survivors (2048K)
 Metaspace       used 96110K, capacity 98303K, committed 98432K, reserved 1134592K
  class space    used 12298K, capacity 13097K, committed 13184K, reserved 1048576K
}
Event: 47.013 GC heap before
{Heap before GC invocations=69 (full 0):
 garbage-first heap   total 143360K, used 120370K [0x0000000080000000, 0x0000000100000000)
  region size 1024K, 14 young (14336K), 2 survivors (2048K)
 Metaspace       used 96328K, capacity 98561K, committed 98688K, reserved 1134592K
  class space    used 12312K, capacity 13117K, committed 13184K, reserved 1048576K
}
Event: 47.022 GC heap after
{Heap after GC invocations=70 (full 0):
 garbage-first heap   total 226304K, used 111015K [0x0000000080000000, 0x0000000100000000)
  region size 1024K, 2 young (2048K), 2 survivors (2048K)
 Metaspace       used 96328K, capacity 98561K, committed 98688K, reserved 1134592K
  class space    used 12312K, capacity 13117K, committed 13184K, reserved 1048576K
}
Event: 47.331 GC heap before
{Heap before GC invocations=71 (full 0):
 garbage-first heap   total 226304K, used 149927K [0x0000000080000000, 0x0000000100000000)
  region size 1024K, 40 young (40960K), 2 survivors (2048K)
 Metaspace       used 97632K, capacity 99937K, committed 99968K, reserved 1136640K
  class space    used 12561K, capacity 13438K, committed 13440K, reserved 1048576K
}
Event: 47.367 GC heap after
{Heap after GC invocations=72 (full 0):
 garbage-first heap   total 226304K, used 117660K [0x0000000080000000, 0x0000000100000000)
  region size 1024K, 5 young (5120K), 5 survivors (5120K)
 Metaspace       used 97632K, capacity 99937K, committed 99968K, reserved 1136640K
  class space    used 12561K, capacity 13438K, committed 13440K, reserved 1048576K
}
Event: 48.298 GC heap before
{Heap before GC invocations=72 (full 0):
 garbage-first heap   total 226304K, used 155548K [0x0000000080000000, 0x0000000100000000)
  region size 1024K, 43 young (44032K), 5 survivors (5120K)
 Metaspace       used 100121K, capacity 102609K, committed 102784K, reserved 1138688K
  class space    used 12996K, capacity 13926K, committed 13952K, reserved 1048576K
}
Event: 48.340 GC heap after
{Heap after GC invocations=73 (full 0):
 garbage-first heap   total 226304K, used 123502K [0x0000000080000000, 0x0000000100000000)
  region size 1024K, 6 young (6144K), 6 survivors (6144K)
 Metaspace       used 100121K, capacity 102609K, committed 102784K, reserved 1138688K
  class space    used 12996K, capacity 13926K, committed 13952K, reserved 1048576K
}
Event: 48.895 GC heap before
{Heap before GC invocations=74 (full 0):
 garbage-first heap   total 226304K, used 162414K [0x0000000080000000, 0x0000000100000000)
  region size 1024K, 44 young (45056K), 6 survivors (6144K)
 Metaspace       used 101026K, capacity 103587K, committed 103680K, reserved 1138688K
  class space    used 13103K, capacity 14071K, committed 14080K, reserved 1048576K
}
Event: 48.904 GC heap after
{Heap after GC invocations=75 (full 0):
 garbage-first heap   total 226304K, used 124481K [0x0000000080000000, 0x0000000100000000)
  region size 1024K, 2 young (2048K), 2 survivors (2048K)
 Metaspace       used 101026K, capacity 103587K, committed 103680K, reserved 1138688K
  class space    used 13103K, capacity 14071K, committed 14080K, reserved 1048576K
}
Event: 49.069 GC heap before
{Heap before GC invocations=75 (full 0):
 garbage-first heap   total 226304K, used 166465K [0x0000000080000000, 0x0000000100000000)
  region size 1024K, 43 young (44032K), 2 survivors (2048K)
 Metaspace       used 101256K, capacity 103828K, committed 104064K, reserved 1138688K
  class space    used 13130K, capacity 14108K, committed 14208K, reserved 1048576K
}
Event: 49.084 GC heap after
{Heap after GC invocations=76 (full 0):
 garbage-first heap   total 453632K, used 125014K [0x0000000080000000, 0x0000000100000000)
  region size 1024K, 2 young (2048K), 2 survivors (2048K)
 Metaspace       used 101256K, capacity 103828K, committed 104064K, reserved 1138688K
  class space    used 13130K, capacity 14108K, committed 14208K, reserved 1048576K
}
Event: 50.363 GC heap before
{Heap before GC invocations=77 (full 0):
 garbage-first heap   total 453632K, used 258134K [0x0000000080000000, 0x0000000100000000)
  region size 1024K, 132 young (135168K), 2 survivors (2048K)
 Metaspace       used 102127K, capacity 104600K, committed 104832K, reserved 1140736K
  class space    used 13163K, capacity 14085K, committed 14208K, reserved 1048576K
}
Event: 50.461 GC heap after
{Heap after GC invocations=78 (full 0):
 garbage-first heap   total 453632K, used 126841K [0x0000000080000000, 0x0000000100000000)
  region size 1024K, 4 young (4096K), 4 survivors (4096K)
 Metaspace       used 102127K, capacity 104600K, committed 104832K, reserved 1140736K
  class space    used 13163K, capacity 14085K, committed 14208K, reserved 1048576K
}
Event: 51.282 GC heap before
{Heap before GC invocations=78 (full 0):
 garbage-first heap   total 453632K, used 263033K [0x0000000080000000, 0x0000000100000000)
  region size 1024K, 137 young (140288K), 4 survivors (4096K)
 Metaspace       used 103106K, capacity 105700K, committed 105984K, reserved 1140736K
  class space    used 13283K, capacity 14256K, committed 14336K, reserved 1048576K
}
Event: 51.305 GC heap after
{Heap after GC invocations=79 (full 0):
 garbage-first heap   total 453632K, used 128303K [0x0000000080000000, 0x0000000100000000)
  region size 1024K, 6 young (6144K), 6 survivors (6144K)
 Metaspace       used 103106K, capacity 105700K, committed 105984K, reserved 1140736K
  class space    used 13283K, capacity 14256K, committed 14336K, reserved 1048576K
}
Event: 52.234 GC heap before
{Heap before GC invocations=79 (full 0):
 garbage-first heap   total 453632K, used 349487K [0x0000000080000000, 0x0000000100000000)
  region size 1024K, 220 young (225280K), 6 survivors (6144K)
 Metaspace       used 103772K, capacity 106339K, committed 106496K, reserved 1140736K
  class space    used 13325K, capacity 14285K, committed 14336K, reserved 1048576K
}
Event: 52.247 GC heap after
{Heap after GC invocations=80 (full 0):
 garbage-first heap   total 453632K, used 136007K [0x0000000080000000, 0x0000000100000000)
  region size 1024K, 11 young (11264K), 11 survivors (11264K)
 Metaspace       used 103772K, capacity 106339K, committed 106496K, reserved 1140736K
  class space    used 13325K, capacity 14285K, committed 14336K, reserved 1048576K
}
Event: 52.938 GC heap before
{Heap before GC invocations=80 (full 0):
 garbage-first heap   total 453632K, used 371527K [0x0000000080000000, 0x0000000100000000)
  region size 1024K, 242 young (247808K), 11 survivors (11264K)
 Metaspace       used 103925K, capacity 106548K, committed 106752K, reserved 1142784K
  class space    used 13326K, capacity 14286K, committed 14336K, reserved 1048576K
}
Event: 53.173 GC heap after
{Heap after GC invocations=81 (full 0):
 garbage-first heap   total 453632K, used 146039K [0x0000000080000000, 0x0000000100000000)
  region size 1024K, 22 young (22528K), 22 survivors (22528K)
 Metaspace       used 103925K, capacity 106548K, committed 106752K, reserved 1142784K
  class space    used 13326K, capacity 14286K, committed 14336K, reserved 1048576K
}
Event: 53.906 GC heap before
{Heap before GC invocations=81 (full 0):
 garbage-first heap   total 453632K, used 368247K [0x0000000080000000, 0x0000000100000000)
  region size 1024K, 240 young (245760K), 22 survivors (22528K)
 Metaspace       used 104125K, capacity 106733K, committed 107008K, reserved 1142784K
  class space    used 13334K, capacity 14298K, committed 14336K, reserved 1048576K
}

