# JRE version: OpenJDK Runtime Environment (11.0.10) (build 11.0.10+0-b96-7249189)
# Java VM: OpenJDK 64-Bit Server VM (11.0.10+0-b96-7249189, mixed mode, tiered, compressed oops, g1 gc, windows-amd64)
Heap:
 garbage-first heap   total 417792K, used 122690K [0x0000000080000000, 0x0000000100000000)
  region size 1024K, 3 young (3072K), 3 survivors (3072K)
 Metaspace       used 102668K, capacity 105279K, committed 105548K, reserved 1140736K
  class space    used 13321K, capacity 14323K, committed 14412K, reserved 1048576K
GC Heap History (20 events):
Event: 26.367 GC heap after
{Heap after GC invocations=44 (full 0):
 garbage-first heap   total 172032K, used 83038K [0x0000000080000000, 0x0000000100000000)
  region size 1024K, 5 young (5120K), 5 survivors (5120K)
 Metaspace       used 90506K, capacity 92676K, committed 93132K, reserved 1130496K
  class space    used 11592K, capacity 12354K, committed 12492K, reserved 1048576K
}
Event: 26.764 GC heap before
{Heap before GC invocations=44 (full 0):
 garbage-first heap   total 172032K, used 130142K [0x0000000080000000, 0x0000000100000000)
  region size 1024K, 52 young (53248K), 5 survivors (5120K)
 Metaspace       used 91906K, capacity 94029K, committed 94284K, reserved 1130496K
  class space    used 11760K, capacity 12527K, committed 12620K, reserved 1048576K
}
Event: 26.776 GC heap after
{Heap after GC invocations=45 (full 0):
 garbage-first heap   total 172032K, used 94196K [0x0000000080000000, 0x0000000100000000)
  region size 1024K, 7 young (7168K), 7 survivors (7168K)
 Metaspace       used 91906K, capacity 94029K, committed 94284K, reserved 1130496K
  class space    used 11760K, capacity 12527K, committed 12620K, reserved 1048576K
}
Event: 27.194 GC heap before
{Heap before GC invocations=46 (full 0):
 garbage-first heap   total 172032K, used 133108K [0x0000000080000000, 0x0000000100000000)
  region size 1024K, 46 young (47104K), 7 survivors (7168K)
 Metaspace       used 94372K, capacity 96641K, committed 96716K, reserved 1132544K
  class space    used 12108K, capacity 12945K, committed 13004K, reserved 1048576K
}
Event: 27.209 GC heap after
{Heap after GC invocations=47 (full 0):
 garbage-first heap   total 172032K, used 97280K [0x0000000080000000, 0x0000000100000000)
  region size 1024K, 6 young (6144K), 6 survivors (6144K)
 Metaspace       used 94372K, capacity 96641K, committed 96716K, reserved 1132544K
  class space    used 12108K, capacity 12945K, committed 13004K, reserved 1048576K
}
Event: 27.442 GC heap before
{Heap before GC invocations=47 (full 0):
 garbage-first heap   total 172032K, used 136192K [0x0000000080000000, 0x0000000100000000)
  region size 1024K, 44 young (45056K), 6 survivors (6144K)
 Metaspace       used 95975K, capacity 98388K, committed 98508K, reserved 1134592K
  class space    used 12334K, capacity 13205K, committed 13260K, reserved 1048576K
}
Event: 27.465 GC heap after
{Heap after GC invocations=48 (full 0):
 garbage-first heap   total 172032K, used 104117K [0x0000000080000000, 0x0000000100000000)
  region size 1024K, 6 young (6144K), 6 survivors (6144K)
 Metaspace       used 95975K, capacity 98388K, committed 98508K, reserved 1134592K
  class space    used 12334K, capacity 13205K, committed 13260K, reserved 1048576K
}
Event: 27.626 GC heap before
{Heap before GC invocations=48 (full 0):
 garbage-first heap   total 172032K, used 137909K [0x0000000080000000, 0x0000000100000000)
  region size 1024K, 39 young (39936K), 6 survivors (6144K)
 Metaspace       used 96551K, capacity 98888K, committed 99148K, reserved 1134592K
  class space    used 12378K, capacity 13240K, committed 13388K, reserved 1048576K
}
Event: 27.648 GC heap after
{Heap after GC invocations=49 (full 0):
 garbage-first heap   total 208896K, used 110575K [0x0000000080000000, 0x0000000100000000)
  region size 1024K, 5 young (5120K), 5 survivors (5120K)
 Metaspace       used 96551K, capacity 98888K, committed 99148K, reserved 1134592K
  class space    used 12378K, capacity 13240K, committed 13388K, reserved 1048576K
}
Event: 28.249 GC heap before
{Heap before GC invocations=50 (full 0):
 garbage-first heap   total 208896K, used 155631K [0x0000000080000000, 0x0000000100000000)
  region size 1024K, 49 young (50176K), 5 survivors (5120K)
 Metaspace       used 98151K, capacity 100702K, committed 101068K, reserved 1136640K
  class space    used 12717K, capacity 13660K, committed 13772K, reserved 1048576K
}
Event: 28.293 GC heap after
{Heap after GC invocations=51 (full 0):
 garbage-first heap   total 208896K, used 118551K [0x0000000080000000, 0x0000000100000000)
  region size 1024K, 7 young (7168K), 7 survivors (7168K)
 Metaspace       used 98151K, capacity 100702K, committed 101068K, reserved 1136640K
  class space    used 12717K, capacity 13660K, committed 13772K, reserved 1048576K
}
Event: 28.941 GC heap before
{Heap before GC invocations=51 (full 0):
 garbage-first heap   total 208896K, used 161559K [0x0000000080000000, 0x0000000100000000)
  region size 1024K, 49 young (50176K), 7 survivors (7168K)
 Metaspace       used 100687K, capacity 103403K, committed 103628K, reserved 1138688K
  class space    used 13164K, capacity 14178K, committed 14284K, reserved 1048576K
}
Event: 29.108 GC heap after
{Heap after GC invocations=52 (full 0):
 garbage-first heap   total 208896K, used 120926K [0x0000000080000000, 0x0000000100000000)
  region size 1024K, 3 young (3072K), 3 survivors (3072K)
 Metaspace       used 100687K, capacity 103403K, committed 103628K, reserved 1138688K
  class space    used 13164K, capacity 14178K, committed 14284K, reserved 1048576K
}
Event: 29.402 GC heap before
{Heap before GC invocations=52 (full 0):
 garbage-first heap   total 208896K, used 163934K [0x0000000080000000, 0x0000000100000000)
  region size 1024K, 45 young (46080K), 3 survivors (3072K)
 Metaspace       used 101123K, capacity 103790K, committed 103884K, reserved 1138688K
  class space    used 13206K, capacity 14215K, committed 14284K, reserved 1048576K
}
Event: 29.408 GC heap after
{Heap after GC invocations=53 (full 0):
 garbage-first heap   total 208896K, used 121333K [0x0000000080000000, 0x0000000100000000)
  region size 1024K, 3 young (3072K), 3 survivors (3072K)
 Metaspace       used 101123K, capacity 103790K, committed 103884K, reserved 1138688K
  class space    used 13206K, capacity 14215K, committed 14284K, reserved 1048576K
}
Event: 29.705 GC heap before
{Heap before GC invocations=54 (full 0):
 garbage-first heap   total 208896K, used 166389K [0x0000000080000000, 0x0000000100000000)
  region size 1024K, 47 young (48128K), 3 survivors (3072K)
 Metaspace       used 101109K, capacity 103653K, committed 104140K, reserved 1138688K
  class space    used 13159K, capacity 14092K, committed 14284K, reserved 1048576K
}
Event: 29.710 GC heap after
{Heap after GC invocations=55 (full 0):
 garbage-first heap   total 208896K, used 121458K [0x0000000080000000, 0x0000000100000000)
  region size 1024K, 3 young (3072K), 3 survivors (3072K)
 Metaspace       used 101109K, capacity 103653K, committed 104140K, reserved 1138688K
  class space    used 13159K, capacity 14092K, committed 14284K, reserved 1048576K
}
Event: 30.001 GC heap before
{Heap before GC invocations=55 (full 0):
 garbage-first heap   total 208896K, used 167538K [0x0000000080000000, 0x0000000100000000)
  region size 1024K, 48 young (49152K), 3 survivors (3072K)
 Metaspace       used 102029K, capacity 104606K, committed 105036K, reserved 1140736K
  class space    used 13285K, capacity 14261K, committed 14412K, reserved 1048576K
}
Event: 30.011 GC heap after
{Heap after GC invocations=56 (full 0):
 garbage-first heap   total 208896K, used 122544K [0x0000000080000000, 0x0000000100000000)
  region size 1024K, 4 young (4096K), 4 survivors (4096K)
 Metaspace       used 102029K, capacity 104606K, committed 105036K, reserved 1140736K
  class space    used 13285K, capacity 14261K, committed 14412K, reserved 1048576K
}
Event: 30.425 GC heap before
{Heap before GC invocations=57 (full 0):
 garbage-first heap   total 208896K, used 169648K [0x0000000080000000, 0x0000000100000000)
  region size 1024K, 50 young (51200K), 4 survivors (4096K)
 Metaspace       used 102668K, capacity 105279K, committed 105548K, reserved 1140736K
  class space    used 13321K, capacity 14323K, committed 14412K, reserved 1048576K
}

